<?xml version="1.0" encoding="UTF-8"?>
<!-- Generated by org.testng.reporters.JUnitXMLReporter -->
<testsuite ignored="0" hostname="STCOLAP026" failures="0" tests="5" name="Default test" time="8.447" errors="0" timestamp="2024-11-11T16:04:20 IST">
  <testcase classname="AuthenticationTypes.AuthenticationTypes" name="basicAuthentication" time="4.521"/>
  <testcase classname="AuthenticationTypes.AuthenticationTypes" name="digetAuthentication" time="1.44"/>
  <testcase classname="AuthenticationTypes.AuthenticationTypes" name="preemptiveAuthentication" time="1.167"/>
  <testcase classname="AuthenticationTypes.AuthenticationTypes" name="bearerAuthentication" time="0.464"/>
  <testcase classname="AuthenticationTypes.AuthenticationTypes" name="apiKeyAuthentication" time="0.772"/>
</testsuite> <!-- Default test -->
