<?xml version="1.0" encoding="UTF-8"?>
<!-- Generated by org.testng.reporters.JUnitXMLReporter -->
<testsuite ignored="0" hostname="STCOLAP026" failures="0" tests="4" name="Test" time="6.973" errors="0" timestamp="2024-11-11T13:28:01 IST">
  <testcase classname="APIChaining.CreateUser" name="createGOuser" time="4.545"/>
  <testcase classname="APIChaining.GetUser" name="getGOuser" time="0.771"/>
  <testcase classname="APIChaining.UpdateUser" name="updateGOuser" time="0.894"/>
  <testcase classname="APIChaining.DeleteUser" name="deleteGOuser" time="0.697"/>
</testsuite> <!-- Test -->
