<?xml version="1.0" encoding="UTF-8"?>
<testng-results ignored="0" total="5" passed="5" failed="0" skipped="0">
  <reporter-output>
  </reporter-output>
  <suite started-at="2024-11-11T16:04:12 IST" name="Default suite" finished-at="2024-11-11T16:04:20 IST" duration-ms="8447">
    <groups>
    </groups>
    <test started-at="2024-11-11T16:04:12 IST" name="Default test" finished-at="2024-11-11T16:04:20 IST" duration-ms="8447">
      <class name="AuthenticationTypes.AuthenticationTypes">
        <test-method signature="basicAuthentication()[pri:1, instance:AuthenticationTypes.AuthenticationTypes@4b741d6d]" started-at="2024-11-11T16:04:12 IST" name="basicAuthentication" finished-at="2024-11-11T16:04:16 IST" duration-ms="4521" status="PASS">
          <reporter-output>
          </reporter-output>
        </test-method> <!-- basicAuthentication -->
        <test-method signature="digetAuthentication()[pri:2, instance:AuthenticationTypes.AuthenticationTypes@4b741d6d]" started-at="2024-11-11T16:04:16 IST" name="digetAuthentication" finished-at="2024-11-11T16:04:18 IST" duration-ms="1440" status="PASS">
          <reporter-output>
          </reporter-output>
        </test-method> <!-- digetAuthentication -->
        <test-method signature="preemptiveAuthentication()[pri:3, instance:AuthenticationTypes.AuthenticationTypes@4b741d6d]" started-at="2024-11-11T16:04:18 IST" name="preemptiveAuthentication" finished-at="2024-11-11T16:04:19 IST" duration-ms="1167" status="PASS">
          <reporter-output>
          </reporter-output>
        </test-method> <!-- preemptiveAuthentication -->
        <test-method signature="bearerAuthentication()[pri:4, instance:AuthenticationTypes.AuthenticationTypes@4b741d6d]" started-at="2024-11-11T16:04:19 IST" name="bearerAuthentication" finished-at="2024-11-11T16:04:19 IST" duration-ms="464" status="PASS">
          <reporter-output>
          </reporter-output>
        </test-method> <!-- bearerAuthentication -->
        <test-method signature="apiKeyAuthentication()[pri:5, instance:AuthenticationTypes.AuthenticationTypes@4b741d6d]" started-at="2024-11-11T16:04:19 IST" name="apiKeyAuthentication" finished-at="2024-11-11T16:04:20 IST" duration-ms="772" status="PASS">
          <reporter-output>
          </reporter-output>
        </test-method> <!-- apiKeyAuthentication -->
      </class> <!-- AuthenticationTypes.AuthenticationTypes -->
    </test> <!-- Default test -->
  </suite> <!-- Default suite -->
</testng-results>
